<?xml version="1.0" encoding="UTF-8"?>
<testng-results ignored="0" total="1" passed="1" failed="0" skipped="0">
  <reporter-output>
  </reporter-output>
  <suite started-at="2021-07-01T00:53:39 IST" name="Default suite" finished-at="2021-07-01T00:53:43 IST" duration-ms="3635">
    <groups>
    </groups>
    <test started-at="2021-07-01T00:53:39 IST" name="Default test" finished-at="2021-07-01T00:53:43 IST" duration-ms="3635">
      <class name="TestRestAssured.XMLSchemaValidation">
        <test-method signature="schemaValidation()[pri:0, instance:TestRestAssured.XMLSchemaValidation@37654521]" started-at="2021-07-01T00:53:39 IST" name="schemaValidation" finished-at="2021-07-01T00:53:43 IST" duration-ms="3577" status="PASS">
          <reporter-output>
          </reporter-output>
        </test-method> <!-- schemaValidation -->
      </class> <!-- TestRestAssured.XMLSchemaValidation -->
    </test> <!-- Default test -->
  </suite> <!-- Default suite -->
</testng-results>
